2020-02-01 10:00:45.692  INFO 18553 --- [main] c.m.s.SpringbootdemoApplication          : Starting SpringbootdemoApplication on Yajies-MBP with PID 18553 (/Users/milly/Desktop/springbootdemo/target/classes started by milly in /Users/milly/Desktop/springbootdemo)
2020-02-01 10:00:45.694 DEBUG 18553 --- [main] c.m.s.SpringbootdemoApplication          : Running with Spring Boot v2.2.4.RELEASE, Spring v5.2.3.RELEASE
2020-02-01 10:00:45.694  INFO 18553 --- [main] c.m.s.SpringbootdemoApplication          : No active profile set, falling back to default profiles: default
2020-02-01 10:00:46.689  INFO 18553 --- [main] c.m.s.SpringbootdemoApplication          : Started SpringbootdemoApplication in 1.261 seconds (JVM running for 1.807)
2020-02-01 10:09:09.416  INFO 18690 --- [main] c.m.s.SpringbootdemoApplication          : Starting SpringbootdemoApplication on Yajies-MBP with PID 18690 (/Users/milly/Desktop/springbootdemo/target/classes started by milly in /Users/milly/Desktop/springbootdemo)
2020-02-01 10:09:09.418 DEBUG 18690 --- [main] c.m.s.SpringbootdemoApplication          : Running with Spring Boot v2.2.4.RELEASE, Spring v5.2.3.RELEASE
2020-02-01 10:09:09.419  INFO 18690 --- [main] c.m.s.SpringbootdemoApplication          : No active profile set, falling back to default profiles: default
2020-02-01 10:09:10.518  INFO 18690 --- [main] c.m.s.SpringbootdemoApplication          : Started SpringbootdemoApplication in 1.413 seconds (JVM running for 1.942)
2020-02-01 10:23:23.509  INFO 18965 --- [main] c.m.s.SpringbootdemoApplication          : Starting SpringbootdemoApplication on Yajies-MBP with PID 18965 (/Users/milly/Desktop/springbootdemo/target/classes started by milly in /Users/milly/Desktop/springbootdemo)
2020-02-01 10:23:23.512 DEBUG 18965 --- [main] c.m.s.SpringbootdemoApplication          : Running with Spring Boot v2.2.4.RELEASE, Spring v5.2.3.RELEASE
2020-02-01 10:23:23.512  INFO 18965 --- [main] c.m.s.SpringbootdemoApplication          : No active profile set, falling back to default profiles: default
2020-02-01 10:23:24.440  WARN 18965 --- [main] ConfigServletWebServerApplicationContext : Exception encountered during context initialization - cancelling refresh attempt: org.springframework.beans.factory.BeanCreationException: Error creating bean with name 'requestMappingHandlerMapping' defined in class path resource [org/springframework/boot/autoconfigure/web/servlet/WebMvcAutoConfiguration$EnableWebMvcConfiguration.class]: Invocation of init method failed; nested exception is java.lang.IllegalStateException: Ambiguous mapping. Cannot map 'hellloController' method 
com.milly.springbootdemo.web.HellloController#getAll()
to {GET /v1/books}: There is already 'hellloController' bean method
com.milly.springbootdemo.web.HellloController#getOne(long, String) mapped.
2020-02-01 10:23:24.461 ERROR 18965 --- [main] o.s.boot.SpringApplication               : Application run failed

org.springframework.beans.factory.BeanCreationException: Error creating bean with name 'requestMappingHandlerMapping' defined in class path resource [org/springframework/boot/autoconfigure/web/servlet/WebMvcAutoConfiguration$EnableWebMvcConfiguration.class]: Invocation of init method failed; nested exception is java.lang.IllegalStateException: Ambiguous mapping. Cannot map 'hellloController' method 
com.milly.springbootdemo.web.HellloController#getAll()
to {GET /v1/books}: There is already 'hellloController' bean method
com.milly.springbootdemo.web.HellloController#getOne(long, String) mapped.
	at org.springframework.beans.factory.support.AbstractAutowireCapableBeanFactory.initializeBean(AbstractAutowireCapableBeanFactory.java:1796) ~[spring-beans-5.2.3.RELEASE.jar:5.2.3.RELEASE]
	at org.springframework.beans.factory.support.AbstractAutowireCapableBeanFactory.doCreateBean(AbstractAutowireCapableBeanFactory.java:595) ~[spring-beans-5.2.3.RELEASE.jar:5.2.3.RELEASE]
	at org.springframework.beans.factory.support.AbstractAutowireCapableBeanFactory.createBean(AbstractAutowireCapableBeanFactory.java:517) ~[spring-beans-5.2.3.RELEASE.jar:5.2.3.RELEASE]
	at org.springframework.beans.factory.support.AbstractBeanFactory.lambda$doGetBean$0(AbstractBeanFactory.java:323) ~[spring-beans-5.2.3.RELEASE.jar:5.2.3.RELEASE]
	at org.springframework.beans.factory.support.DefaultSingletonBeanRegistry.getSingleton(DefaultSingletonBeanRegistry.java:222) ~[spring-beans-5.2.3.RELEASE.jar:5.2.3.RELEASE]
	at org.springframework.beans.factory.support.AbstractBeanFactory.doGetBean(AbstractBeanFactory.java:321) ~[spring-beans-5.2.3.RELEASE.jar:5.2.3.RELEASE]
	at org.springframework.beans.factory.support.AbstractBeanFactory.getBean(AbstractBeanFactory.java:202) ~[spring-beans-5.2.3.RELEASE.jar:5.2.3.RELEASE]
	at org.springframework.beans.factory.support.DefaultListableBeanFactory.preInstantiateSingletons(DefaultListableBeanFactory.java:879) ~[spring-beans-5.2.3.RELEASE.jar:5.2.3.RELEASE]
	at org.springframework.context.support.AbstractApplicationContext.finishBeanFactoryInitialization(AbstractApplicationContext.java:878) ~[spring-context-5.2.3.RELEASE.jar:5.2.3.RELEASE]
	at org.springframework.context.support.AbstractApplicationContext.refresh(AbstractApplicationContext.java:550) ~[spring-context-5.2.3.RELEASE.jar:5.2.3.RELEASE]
	at org.springframework.boot.web.servlet.context.ServletWebServerApplicationContext.refresh(ServletWebServerApplicationContext.java:141) ~[spring-boot-2.2.4.RELEASE.jar:2.2.4.RELEASE]
	at org.springframework.boot.SpringApplication.refresh(SpringApplication.java:747) ~[spring-boot-2.2.4.RELEASE.jar:2.2.4.RELEASE]
	at org.springframework.boot.SpringApplication.refreshContext(SpringApplication.java:397) ~[spring-boot-2.2.4.RELEASE.jar:2.2.4.RELEASE]
	at org.springframework.boot.SpringApplication.run(SpringApplication.java:315) ~[spring-boot-2.2.4.RELEASE.jar:2.2.4.RELEASE]
	at org.springframework.boot.SpringApplication.run(SpringApplication.java:1226) ~[spring-boot-2.2.4.RELEASE.jar:2.2.4.RELEASE]
	at org.springframework.boot.SpringApplication.run(SpringApplication.java:1215) ~[spring-boot-2.2.4.RELEASE.jar:2.2.4.RELEASE]
	at com.milly.springbootdemo.SpringbootdemoApplication.main(SpringbootdemoApplication.java:10) ~[classes/:na]
Caused by: java.lang.IllegalStateException: Ambiguous mapping. Cannot map 'hellloController' method 
com.milly.springbootdemo.web.HellloController#getAll()
to {GET /v1/books}: There is already 'hellloController' bean method
com.milly.springbootdemo.web.HellloController#getOne(long, String) mapped.
	at org.springframework.web.servlet.handler.AbstractHandlerMethodMapping$MappingRegistry.validateMethodMapping(AbstractHandlerMethodMapping.java:632) ~[spring-webmvc-5.2.3.RELEASE.jar:5.2.3.RELEASE]
	at org.springframework.web.servlet.handler.AbstractHandlerMethodMapping$MappingRegistry.register(AbstractHandlerMethodMapping.java:599) ~[spring-webmvc-5.2.3.RELEASE.jar:5.2.3.RELEASE]
	at org.springframework.web.servlet.handler.AbstractHandlerMethodMapping.registerHandlerMethod(AbstractHandlerMethodMapping.java:318) ~[spring-webmvc-5.2.3.RELEASE.jar:5.2.3.RELEASE]
	at org.springframework.web.servlet.mvc.method.annotation.RequestMappingHandlerMapping.registerHandlerMethod(RequestMappingHandlerMapping.java:350) ~[spring-webmvc-5.2.3.RELEASE.jar:5.2.3.RELEASE]
	at org.springframework.web.servlet.mvc.method.annotation.RequestMappingHandlerMapping.registerHandlerMethod(RequestMappingHandlerMapping.java:67) ~[spring-webmvc-5.2.3.RELEASE.jar:5.2.3.RELEASE]
	at org.springframework.web.servlet.handler.AbstractHandlerMethodMapping.lambda$detectHandlerMethods$1(AbstractHandlerMethodMapping.java:288) ~[spring-webmvc-5.2.3.RELEASE.jar:5.2.3.RELEASE]
	at java.base/java.util.LinkedHashMap.forEach(LinkedHashMap.java:684) ~[na:na]
	at org.springframework.web.servlet.handler.AbstractHandlerMethodMapping.detectHandlerMethods(AbstractHandlerMethodMapping.java:286) ~[spring-webmvc-5.2.3.RELEASE.jar:5.2.3.RELEASE]
	at org.springframework.web.servlet.handler.AbstractHandlerMethodMapping.processCandidateBean(AbstractHandlerMethodMapping.java:258) ~[spring-webmvc-5.2.3.RELEASE.jar:5.2.3.RELEASE]
	at org.springframework.web.servlet.handler.AbstractHandlerMethodMapping.initHandlerMethods(AbstractHandlerMethodMapping.java:217) ~[spring-webmvc-5.2.3.RELEASE.jar:5.2.3.RELEASE]
	at org.springframework.web.servlet.handler.AbstractHandlerMethodMapping.afterPropertiesSet(AbstractHandlerMethodMapping.java:205) ~[spring-webmvc-5.2.3.RELEASE.jar:5.2.3.RELEASE]
	at org.springframework.web.servlet.mvc.method.annotation.RequestMappingHandlerMapping.afterPropertiesSet(RequestMappingHandlerMapping.java:171) ~[spring-webmvc-5.2.3.RELEASE.jar:5.2.3.RELEASE]
	at org.springframework.beans.factory.support.AbstractAutowireCapableBeanFactory.invokeInitMethods(AbstractAutowireCapableBeanFactory.java:1855) ~[spring-beans-5.2.3.RELEASE.jar:5.2.3.RELEASE]
	at org.springframework.beans.factory.support.AbstractAutowireCapableBeanFactory.initializeBean(AbstractAutowireCapableBeanFactory.java:1792) ~[spring-beans-5.2.3.RELEASE.jar:5.2.3.RELEASE]
	... 16 common frames omitted

2020-02-01 10:23:48.432  INFO 18971 --- [main] c.m.s.SpringbootdemoApplication          : Starting SpringbootdemoApplication on Yajies-MBP with PID 18971 (/Users/milly/Desktop/springbootdemo/target/classes started by milly in /Users/milly/Desktop/springbootdemo)
2020-02-01 10:23:48.434 DEBUG 18971 --- [main] c.m.s.SpringbootdemoApplication          : Running with Spring Boot v2.2.4.RELEASE, Spring v5.2.3.RELEASE
2020-02-01 10:23:48.434  INFO 18971 --- [main] c.m.s.SpringbootdemoApplication          : No active profile set, falling back to default profiles: default
2020-02-01 10:23:49.426  WARN 18971 --- [main] ConfigServletWebServerApplicationContext : Exception encountered during context initialization - cancelling refresh attempt: org.springframework.beans.factory.BeanCreationException: Error creating bean with name 'requestMappingHandlerMapping' defined in class path resource [org/springframework/boot/autoconfigure/web/servlet/WebMvcAutoConfiguration$EnableWebMvcConfiguration.class]: Invocation of init method failed; nested exception is java.lang.IllegalStateException: Ambiguous mapping. Cannot map 'hellloController' method 
com.milly.springbootdemo.web.HellloController#getAll()
to {GET /v1/books}: There is already 'hellloController' bean method
com.milly.springbootdemo.web.HellloController#getOne(long, String) mapped.
2020-02-01 10:23:49.446 ERROR 18971 --- [main] o.s.boot.SpringApplication               : Application run failed

org.springframework.beans.factory.BeanCreationException: Error creating bean with name 'requestMappingHandlerMapping' defined in class path resource [org/springframework/boot/autoconfigure/web/servlet/WebMvcAutoConfiguration$EnableWebMvcConfiguration.class]: Invocation of init method failed; nested exception is java.lang.IllegalStateException: Ambiguous mapping. Cannot map 'hellloController' method 
com.milly.springbootdemo.web.HellloController#getAll()
to {GET /v1/books}: There is already 'hellloController' bean method
com.milly.springbootdemo.web.HellloController#getOne(long, String) mapped.
	at org.springframework.beans.factory.support.AbstractAutowireCapableBeanFactory.initializeBean(AbstractAutowireCapableBeanFactory.java:1796) ~[spring-beans-5.2.3.RELEASE.jar:5.2.3.RELEASE]
	at org.springframework.beans.factory.support.AbstractAutowireCapableBeanFactory.doCreateBean(AbstractAutowireCapableBeanFactory.java:595) ~[spring-beans-5.2.3.RELEASE.jar:5.2.3.RELEASE]
	at org.springframework.beans.factory.support.AbstractAutowireCapableBeanFactory.createBean(AbstractAutowireCapableBeanFactory.java:517) ~[spring-beans-5.2.3.RELEASE.jar:5.2.3.RELEASE]
	at org.springframework.beans.factory.support.AbstractBeanFactory.lambda$doGetBean$0(AbstractBeanFactory.java:323) ~[spring-beans-5.2.3.RELEASE.jar:5.2.3.RELEASE]
	at org.springframework.beans.factory.support.DefaultSingletonBeanRegistry.getSingleton(DefaultSingletonBeanRegistry.java:222) ~[spring-beans-5.2.3.RELEASE.jar:5.2.3.RELEASE]
	at org.springframework.beans.factory.support.AbstractBeanFactory.doGetBean(AbstractBeanFactory.java:321) ~[spring-beans-5.2.3.RELEASE.jar:5.2.3.RELEASE]
	at org.springframework.beans.factory.support.AbstractBeanFactory.getBean(AbstractBeanFactory.java:202) ~[spring-beans-5.2.3.RELEASE.jar:5.2.3.RELEASE]
	at org.springframework.beans.factory.support.DefaultListableBeanFactory.preInstantiateSingletons(DefaultListableBeanFactory.java:879) ~[spring-beans-5.2.3.RELEASE.jar:5.2.3.RELEASE]
	at org.springframework.context.support.AbstractApplicationContext.finishBeanFactoryInitialization(AbstractApplicationContext.java:878) ~[spring-context-5.2.3.RELEASE.jar:5.2.3.RELEASE]
	at org.springframework.context.support.AbstractApplicationContext.refresh(AbstractApplicationContext.java:550) ~[spring-context-5.2.3.RELEASE.jar:5.2.3.RELEASE]
	at org.springframework.boot.web.servlet.context.ServletWebServerApplicationContext.refresh(ServletWebServerApplicationContext.java:141) ~[spring-boot-2.2.4.RELEASE.jar:2.2.4.RELEASE]
	at org.springframework.boot.SpringApplication.refresh(SpringApplication.java:747) ~[spring-boot-2.2.4.RELEASE.jar:2.2.4.RELEASE]
	at org.springframework.boot.SpringApplication.refreshContext(SpringApplication.java:397) ~[spring-boot-2.2.4.RELEASE.jar:2.2.4.RELEASE]
	at org.springframework.boot.SpringApplication.run(SpringApplication.java:315) ~[spring-boot-2.2.4.RELEASE.jar:2.2.4.RELEASE]
	at org.springframework.boot.SpringApplication.run(SpringApplication.java:1226) ~[spring-boot-2.2.4.RELEASE.jar:2.2.4.RELEASE]
	at org.springframework.boot.SpringApplication.run(SpringApplication.java:1215) ~[spring-boot-2.2.4.RELEASE.jar:2.2.4.RELEASE]
	at com.milly.springbootdemo.SpringbootdemoApplication.main(SpringbootdemoApplication.java:10) ~[classes/:na]
Caused by: java.lang.IllegalStateException: Ambiguous mapping. Cannot map 'hellloController' method 
com.milly.springbootdemo.web.HellloController#getAll()
to {GET /v1/books}: There is already 'hellloController' bean method
com.milly.springbootdemo.web.HellloController#getOne(long, String) mapped.
	at org.springframework.web.servlet.handler.AbstractHandlerMethodMapping$MappingRegistry.validateMethodMapping(AbstractHandlerMethodMapping.java:632) ~[spring-webmvc-5.2.3.RELEASE.jar:5.2.3.RELEASE]
	at org.springframework.web.servlet.handler.AbstractHandlerMethodMapping$MappingRegistry.register(AbstractHandlerMethodMapping.java:599) ~[spring-webmvc-5.2.3.RELEASE.jar:5.2.3.RELEASE]
	at org.springframework.web.servlet.handler.AbstractHandlerMethodMapping.registerHandlerMethod(AbstractHandlerMethodMapping.java:318) ~[spring-webmvc-5.2.3.RELEASE.jar:5.2.3.RELEASE]
	at org.springframework.web.servlet.mvc.method.annotation.RequestMappingHandlerMapping.registerHandlerMethod(RequestMappingHandlerMapping.java:350) ~[spring-webmvc-5.2.3.RELEASE.jar:5.2.3.RELEASE]
	at org.springframework.web.servlet.mvc.method.annotation.RequestMappingHandlerMapping.registerHandlerMethod(RequestMappingHandlerMapping.java:67) ~[spring-webmvc-5.2.3.RELEASE.jar:5.2.3.RELEASE]
	at org.springframework.web.servlet.handler.AbstractHandlerMethodMapping.lambda$detectHandlerMethods$1(AbstractHandlerMethodMapping.java:288) ~[spring-webmvc-5.2.3.RELEASE.jar:5.2.3.RELEASE]
	at java.base/java.util.LinkedHashMap.forEach(LinkedHashMap.java:684) ~[na:na]
	at org.springframework.web.servlet.handler.AbstractHandlerMethodMapping.detectHandlerMethods(AbstractHandlerMethodMapping.java:286) ~[spring-webmvc-5.2.3.RELEASE.jar:5.2.3.RELEASE]
	at org.springframework.web.servlet.handler.AbstractHandlerMethodMapping.processCandidateBean(AbstractHandlerMethodMapping.java:258) ~[spring-webmvc-5.2.3.RELEASE.jar:5.2.3.RELEASE]
	at org.springframework.web.servlet.handler.AbstractHandlerMethodMapping.initHandlerMethods(AbstractHandlerMethodMapping.java:217) ~[spring-webmvc-5.2.3.RELEASE.jar:5.2.3.RELEASE]
	at org.springframework.web.servlet.handler.AbstractHandlerMethodMapping.afterPropertiesSet(AbstractHandlerMethodMapping.java:205) ~[spring-webmvc-5.2.3.RELEASE.jar:5.2.3.RELEASE]
	at org.springframework.web.servlet.mvc.method.annotation.RequestMappingHandlerMapping.afterPropertiesSet(RequestMappingHandlerMapping.java:171) ~[spring-webmvc-5.2.3.RELEASE.jar:5.2.3.RELEASE]
	at org.springframework.beans.factory.support.AbstractAutowireCapableBeanFactory.invokeInitMethods(AbstractAutowireCapableBeanFactory.java:1855) ~[spring-beans-5.2.3.RELEASE.jar:5.2.3.RELEASE]
	at org.springframework.beans.factory.support.AbstractAutowireCapableBeanFactory.initializeBean(AbstractAutowireCapableBeanFactory.java:1792) ~[spring-beans-5.2.3.RELEASE.jar:5.2.3.RELEASE]
	... 16 common frames omitted

2020-02-01 10:25:36.264  INFO 18995 --- [main] c.m.s.SpringbootdemoApplication          : Starting SpringbootdemoApplication on Yajies-MBP with PID 18995 (/Users/milly/Desktop/springbootdemo/target/classes started by milly in /Users/milly/Desktop/springbootdemo)
2020-02-01 10:25:36.267 DEBUG 18995 --- [main] c.m.s.SpringbootdemoApplication          : Running with Spring Boot v2.2.4.RELEASE, Spring v5.2.3.RELEASE
2020-02-01 10:25:36.267  INFO 18995 --- [main] c.m.s.SpringbootdemoApplication          : No active profile set, falling back to default profiles: default
2020-02-01 10:25:37.377  INFO 18995 --- [main] c.m.s.SpringbootdemoApplication          : Started SpringbootdemoApplication in 1.416 seconds (JVM running for 1.937)
2020-02-01 10:28:49.573  INFO 19038 --- [main] c.m.s.SpringbootdemoApplication          : Starting SpringbootdemoApplication on Yajies-MBP with PID 19038 (/Users/milly/Desktop/springbootdemo/target/classes started by milly in /Users/milly/Desktop/springbootdemo)
2020-02-01 10:28:49.575 DEBUG 19038 --- [main] c.m.s.SpringbootdemoApplication          : Running with Spring Boot v2.2.4.RELEASE, Spring v5.2.3.RELEASE
2020-02-01 10:28:49.576  INFO 19038 --- [main] c.m.s.SpringbootdemoApplication          : No active profile set, falling back to default profiles: default
2020-02-01 10:28:50.797  INFO 19038 --- [main] c.m.s.SpringbootdemoApplication          : Started SpringbootdemoApplication in 1.547 seconds (JVM running for 2.101)
2020-02-01 10:29:19.984  INFO 19050 --- [main] c.m.s.SpringbootdemoApplication          : Starting SpringbootdemoApplication on Yajies-MBP with PID 19050 (/Users/milly/Desktop/springbootdemo/target/classes started by milly in /Users/milly/Desktop/springbootdemo)
2020-02-01 10:29:19.986 DEBUG 19050 --- [main] c.m.s.SpringbootdemoApplication          : Running with Spring Boot v2.2.4.RELEASE, Spring v5.2.3.RELEASE
2020-02-01 10:29:19.987  INFO 19050 --- [main] c.m.s.SpringbootdemoApplication          : No active profile set, falling back to default profiles: default
2020-02-01 10:29:21.371  INFO 19050 --- [main] c.m.s.SpringbootdemoApplication          : Started SpringbootdemoApplication in 1.723 seconds (JVM running for 2.296)
2020-02-01 10:30:09.358  WARN 19050 --- [http-nio-8080-exec-2] .w.s.m.s.DefaultHandlerExceptionResolver : Resolved [org.springframework.web.bind.MissingPathVariableException: Missing URI template variable 'username' for method parameter of type String]
2020-02-01 10:30:43.257  INFO 19071 --- [main] c.m.s.SpringbootdemoApplication          : Starting SpringbootdemoApplication on Yajies-MBP with PID 19071 (/Users/milly/Desktop/springbootdemo/target/classes started by milly in /Users/milly/Desktop/springbootdemo)
2020-02-01 10:30:43.259 DEBUG 19071 --- [main] c.m.s.SpringbootdemoApplication          : Running with Spring Boot v2.2.4.RELEASE, Spring v5.2.3.RELEASE
2020-02-01 10:30:43.259  INFO 19071 --- [main] c.m.s.SpringbootdemoApplication          : No active profile set, falling back to default profiles: default
2020-02-01 10:30:44.331  INFO 19071 --- [main] c.m.s.SpringbootdemoApplication          : Started SpringbootdemoApplication in 1.391 seconds (JVM running for 1.912)
2020-02-01 10:32:23.017  INFO 19102 --- [main] c.m.s.SpringbootdemoApplication          : Starting SpringbootdemoApplication on Yajies-MBP with PID 19102 (/Users/milly/Desktop/springbootdemo/target/classes started by milly in /Users/milly/Desktop/springbootdemo)
2020-02-01 10:32:23.019 DEBUG 19102 --- [main] c.m.s.SpringbootdemoApplication          : Running with Spring Boot v2.2.4.RELEASE, Spring v5.2.3.RELEASE
2020-02-01 10:32:23.020  INFO 19102 --- [main] c.m.s.SpringbootdemoApplication          : No active profile set, falling back to default profiles: default
2020-02-01 10:32:23.872  WARN 19102 --- [main] ConfigServletWebServerApplicationContext : Exception encountered during context initialization - cancelling refresh attempt: org.springframework.beans.factory.BeanCreationException: Error creating bean with name 'hellloController': Injection of autowired dependencies failed; nested exception is java.lang.IllegalArgumentException: Could not resolve placeholder 'book.name' in value "${book.name}"
2020-02-01 10:32:23.896 ERROR 19102 --- [main] o.s.boot.SpringApplication               : Application run failed

org.springframework.beans.factory.BeanCreationException: Error creating bean with name 'hellloController': Injection of autowired dependencies failed; nested exception is java.lang.IllegalArgumentException: Could not resolve placeholder 'book.name' in value "${book.name}"
	at org.springframework.beans.factory.annotation.AutowiredAnnotationBeanPostProcessor.postProcessProperties(AutowiredAnnotationBeanPostProcessor.java:405) ~[spring-beans-5.2.3.RELEASE.jar:5.2.3.RELEASE]
	at org.springframework.beans.factory.support.AbstractAutowireCapableBeanFactory.populateBean(AbstractAutowireCapableBeanFactory.java:1422) ~[spring-beans-5.2.3.RELEASE.jar:5.2.3.RELEASE]
	at org.springframework.beans.factory.support.AbstractAutowireCapableBeanFactory.doCreateBean(AbstractAutowireCapableBeanFactory.java:594) ~[spring-beans-5.2.3.RELEASE.jar:5.2.3.RELEASE]
	at org.springframework.beans.factory.support.AbstractAutowireCapableBeanFactory.createBean(AbstractAutowireCapableBeanFactory.java:517) ~[spring-beans-5.2.3.RELEASE.jar:5.2.3.RELEASE]
	at org.springframework.beans.factory.support.AbstractBeanFactory.lambda$doGetBean$0(AbstractBeanFactory.java:323) ~[spring-beans-5.2.3.RELEASE.jar:5.2.3.RELEASE]
	at org.springframework.beans.factory.support.DefaultSingletonBeanRegistry.getSingleton(DefaultSingletonBeanRegistry.java:222) ~[spring-beans-5.2.3.RELEASE.jar:5.2.3.RELEASE]
	at org.springframework.beans.factory.support.AbstractBeanFactory.doGetBean(AbstractBeanFactory.java:321) ~[spring-beans-5.2.3.RELEASE.jar:5.2.3.RELEASE]
	at org.springframework.beans.factory.support.AbstractBeanFactory.getBean(AbstractBeanFactory.java:202) ~[spring-beans-5.2.3.RELEASE.jar:5.2.3.RELEASE]
	at org.springframework.beans.factory.support.DefaultListableBeanFactory.preInstantiateSingletons(DefaultListableBeanFactory.java:879) ~[spring-beans-5.2.3.RELEASE.jar:5.2.3.RELEASE]
	at org.springframework.context.support.AbstractApplicationContext.finishBeanFactoryInitialization(AbstractApplicationContext.java:878) ~[spring-context-5.2.3.RELEASE.jar:5.2.3.RELEASE]
	at org.springframework.context.support.AbstractApplicationContext.refresh(AbstractApplicationContext.java:550) ~[spring-context-5.2.3.RELEASE.jar:5.2.3.RELEASE]
	at org.springframework.boot.web.servlet.context.ServletWebServerApplicationContext.refresh(ServletWebServerApplicationContext.java:141) ~[spring-boot-2.2.4.RELEASE.jar:2.2.4.RELEASE]
	at org.springframework.boot.SpringApplication.refresh(SpringApplication.java:747) ~[spring-boot-2.2.4.RELEASE.jar:2.2.4.RELEASE]
	at org.springframework.boot.SpringApplication.refreshContext(SpringApplication.java:397) ~[spring-boot-2.2.4.RELEASE.jar:2.2.4.RELEASE]
	at org.springframework.boot.SpringApplication.run(SpringApplication.java:315) ~[spring-boot-2.2.4.RELEASE.jar:2.2.4.RELEASE]
	at org.springframework.boot.SpringApplication.run(SpringApplication.java:1226) ~[spring-boot-2.2.4.RELEASE.jar:2.2.4.RELEASE]
	at org.springframework.boot.SpringApplication.run(SpringApplication.java:1215) ~[spring-boot-2.2.4.RELEASE.jar:2.2.4.RELEASE]
	at com.milly.springbootdemo.SpringbootdemoApplication.main(SpringbootdemoApplication.java:10) ~[classes/:na]
Caused by: java.lang.IllegalArgumentException: Could not resolve placeholder 'book.name' in value "${book.name}"
	at org.springframework.util.PropertyPlaceholderHelper.parseStringValue(PropertyPlaceholderHelper.java:178) ~[spring-core-5.2.3.RELEASE.jar:5.2.3.RELEASE]
	at org.springframework.util.PropertyPlaceholderHelper.replacePlaceholders(PropertyPlaceholderHelper.java:124) ~[spring-core-5.2.3.RELEASE.jar:5.2.3.RELEASE]
	at org.springframework.core.env.AbstractPropertyResolver.doResolvePlaceholders(AbstractPropertyResolver.java:236) ~[spring-core-5.2.3.RELEASE.jar:5.2.3.RELEASE]
	at org.springframework.core.env.AbstractPropertyResolver.resolveRequiredPlaceholders(AbstractPropertyResolver.java:210) ~[spring-core-5.2.3.RELEASE.jar:5.2.3.RELEASE]
	at org.springframework.context.support.PropertySourcesPlaceholderConfigurer.lambda$processProperties$0(PropertySourcesPlaceholderConfigurer.java:175) ~[spring-context-5.2.3.RELEASE.jar:5.2.3.RELEASE]
	at org.springframework.beans.factory.support.AbstractBeanFactory.resolveEmbeddedValue(AbstractBeanFactory.java:908) ~[spring-beans-5.2.3.RELEASE.jar:5.2.3.RELEASE]
	at org.springframework.beans.factory.support.DefaultListableBeanFactory.doResolveDependency(DefaultListableBeanFactory.java:1228) ~[spring-beans-5.2.3.RELEASE.jar:5.2.3.RELEASE]
	at org.springframework.beans.factory.support.DefaultListableBeanFactory.resolveDependency(DefaultListableBeanFactory.java:1207) ~[spring-beans-5.2.3.RELEASE.jar:5.2.3.RELEASE]
	at org.springframework.beans.factory.annotation.AutowiredAnnotationBeanPostProcessor$AutowiredFieldElement.inject(AutowiredAnnotationBeanPostProcessor.java:640) ~[spring-beans-5.2.3.RELEASE.jar:5.2.3.RELEASE]
	at org.springframework.beans.factory.annotation.InjectionMetadata.inject(InjectionMetadata.java:116) ~[spring-beans-5.2.3.RELEASE.jar:5.2.3.RELEASE]
	at org.springframework.beans.factory.annotation.AutowiredAnnotationBeanPostProcessor.postProcessProperties(AutowiredAnnotationBeanPostProcessor.java:399) ~[spring-beans-5.2.3.RELEASE.jar:5.2.3.RELEASE]
	... 17 common frames omitted

2020-02-01 10:32:45.513  INFO 19110 --- [main] c.m.s.SpringbootdemoApplication          : Starting SpringbootdemoApplication on Yajies-MBP with PID 19110 (/Users/milly/Desktop/springbootdemo/target/classes started by milly in /Users/milly/Desktop/springbootdemo)
2020-02-01 10:32:45.514 DEBUG 19110 --- [main] c.m.s.SpringbootdemoApplication          : Running with Spring Boot v2.2.4.RELEASE, Spring v5.2.3.RELEASE
2020-02-01 10:32:45.515  INFO 19110 --- [main] c.m.s.SpringbootdemoApplication          : No active profile set, falling back to default profiles: default
2020-02-01 10:32:46.174  WARN 19110 --- [main] ConfigServletWebServerApplicationContext : Exception encountered during context initialization - cancelling refresh attempt: org.springframework.beans.factory.BeanCreationException: Error creating bean with name 'hellloController': Injection of autowired dependencies failed; nested exception is java.lang.IllegalArgumentException: Could not resolve placeholder 'book.name' in value "${book.name}"
2020-02-01 10:32:46.191 ERROR 19110 --- [main] o.s.boot.SpringApplication               : Application run failed

org.springframework.beans.factory.BeanCreationException: Error creating bean with name 'hellloController': Injection of autowired dependencies failed; nested exception is java.lang.IllegalArgumentException: Could not resolve placeholder 'book.name' in value "${book.name}"
	at org.springframework.beans.factory.annotation.AutowiredAnnotationBeanPostProcessor.postProcessProperties(AutowiredAnnotationBeanPostProcessor.java:405) ~[spring-beans-5.2.3.RELEASE.jar:5.2.3.RELEASE]
	at org.springframework.beans.factory.support.AbstractAutowireCapableBeanFactory.populateBean(AbstractAutowireCapableBeanFactory.java:1422) ~[spring-beans-5.2.3.RELEASE.jar:5.2.3.RELEASE]
	at org.springframework.beans.factory.support.AbstractAutowireCapableBeanFactory.doCreateBean(AbstractAutowireCapableBeanFactory.java:594) ~[spring-beans-5.2.3.RELEASE.jar:5.2.3.RELEASE]
	at org.springframework.beans.factory.support.AbstractAutowireCapableBeanFactory.createBean(AbstractAutowireCapableBeanFactory.java:517) ~[spring-beans-5.2.3.RELEASE.jar:5.2.3.RELEASE]
	at org.springframework.beans.factory.support.AbstractBeanFactory.lambda$doGetBean$0(AbstractBeanFactory.java:323) ~[spring-beans-5.2.3.RELEASE.jar:5.2.3.RELEASE]
	at org.springframework.beans.factory.support.DefaultSingletonBeanRegistry.getSingleton(DefaultSingletonBeanRegistry.java:222) ~[spring-beans-5.2.3.RELEASE.jar:5.2.3.RELEASE]
	at org.springframework.beans.factory.support.AbstractBeanFactory.doGetBean(AbstractBeanFactory.java:321) ~[spring-beans-5.2.3.RELEASE.jar:5.2.3.RELEASE]
	at org.springframework.beans.factory.support.AbstractBeanFactory.getBean(AbstractBeanFactory.java:202) ~[spring-beans-5.2.3.RELEASE.jar:5.2.3.RELEASE]
	at org.springframework.beans.factory.support.DefaultListableBeanFactory.preInstantiateSingletons(DefaultListableBeanFactory.java:879) ~[spring-beans-5.2.3.RELEASE.jar:5.2.3.RELEASE]
	at org.springframework.context.support.AbstractApplicationContext.finishBeanFactoryInitialization(AbstractApplicationContext.java:878) ~[spring-context-5.2.3.RELEASE.jar:5.2.3.RELEASE]
	at org.springframework.context.support.AbstractApplicationContext.refresh(AbstractApplicationContext.java:550) ~[spring-context-5.2.3.RELEASE.jar:5.2.3.RELEASE]
	at org.springframework.boot.web.servlet.context.ServletWebServerApplicationContext.refresh(ServletWebServerApplicationContext.java:141) ~[spring-boot-2.2.4.RELEASE.jar:2.2.4.RELEASE]
	at org.springframework.boot.SpringApplication.refresh(SpringApplication.java:747) ~[spring-boot-2.2.4.RELEASE.jar:2.2.4.RELEASE]
	at org.springframework.boot.SpringApplication.refreshContext(SpringApplication.java:397) ~[spring-boot-2.2.4.RELEASE.jar:2.2.4.RELEASE]
	at org.springframework.boot.SpringApplication.run(SpringApplication.java:315) ~[spring-boot-2.2.4.RELEASE.jar:2.2.4.RELEASE]
	at org.springframework.boot.SpringApplication.run(SpringApplication.java:1226) ~[spring-boot-2.2.4.RELEASE.jar:2.2.4.RELEASE]
	at org.springframework.boot.SpringApplication.run(SpringApplication.java:1215) ~[spring-boot-2.2.4.RELEASE.jar:2.2.4.RELEASE]
	at com.milly.springbootdemo.SpringbootdemoApplication.main(SpringbootdemoApplication.java:10) ~[classes/:na]
Caused by: java.lang.IllegalArgumentException: Could not resolve placeholder 'book.name' in value "${book.name}"
	at org.springframework.util.PropertyPlaceholderHelper.parseStringValue(PropertyPlaceholderHelper.java:178) ~[spring-core-5.2.3.RELEASE.jar:5.2.3.RELEASE]
	at org.springframework.util.PropertyPlaceholderHelper.replacePlaceholders(PropertyPlaceholderHelper.java:124) ~[spring-core-5.2.3.RELEASE.jar:5.2.3.RELEASE]
	at org.springframework.core.env.AbstractPropertyResolver.doResolvePlaceholders(AbstractPropertyResolver.java:236) ~[spring-core-5.2.3.RELEASE.jar:5.2.3.RELEASE]
	at org.springframework.core.env.AbstractPropertyResolver.resolveRequiredPlaceholders(AbstractPropertyResolver.java:210) ~[spring-core-5.2.3.RELEASE.jar:5.2.3.RELEASE]
	at org.springframework.context.support.PropertySourcesPlaceholderConfigurer.lambda$processProperties$0(PropertySourcesPlaceholderConfigurer.java:175) ~[spring-context-5.2.3.RELEASE.jar:5.2.3.RELEASE]
	at org.springframework.beans.factory.support.AbstractBeanFactory.resolveEmbeddedValue(AbstractBeanFactory.java:908) ~[spring-beans-5.2.3.RELEASE.jar:5.2.3.RELEASE]
	at org.springframework.beans.factory.support.DefaultListableBeanFactory.doResolveDependency(DefaultListableBeanFactory.java:1228) ~[spring-beans-5.2.3.RELEASE.jar:5.2.3.RELEASE]
	at org.springframework.beans.factory.support.DefaultListableBeanFactory.resolveDependency(DefaultListableBeanFactory.java:1207) ~[spring-beans-5.2.3.RELEASE.jar:5.2.3.RELEASE]
	at org.springframework.beans.factory.annotation.AutowiredAnnotationBeanPostProcessor$AutowiredFieldElement.inject(AutowiredAnnotationBeanPostProcessor.java:640) ~[spring-beans-5.2.3.RELEASE.jar:5.2.3.RELEASE]
	at org.springframework.beans.factory.annotation.InjectionMetadata.inject(InjectionMetadata.java:116) ~[spring-beans-5.2.3.RELEASE.jar:5.2.3.RELEASE]
	at org.springframework.beans.factory.annotation.AutowiredAnnotationBeanPostProcessor.postProcessProperties(AutowiredAnnotationBeanPostProcessor.java:399) ~[spring-beans-5.2.3.RELEASE.jar:5.2.3.RELEASE]
	... 17 common frames omitted

2020-02-01 10:34:09.236  INFO 19133 --- [main] c.m.s.SpringbootdemoApplication          : Starting SpringbootdemoApplication on Yajies-MBP with PID 19133 (/Users/milly/Desktop/springbootdemo/target/classes started by milly in /Users/milly/Desktop/springbootdemo)
2020-02-01 10:34:09.238 DEBUG 19133 --- [main] c.m.s.SpringbootdemoApplication          : Running with Spring Boot v2.2.4.RELEASE, Spring v5.2.3.RELEASE
2020-02-01 10:34:09.239  INFO 19133 --- [main] c.m.s.SpringbootdemoApplication          : No active profile set, falling back to default profiles: default
2020-02-01 10:34:10.281  INFO 19133 --- [main] c.m.s.SpringbootdemoApplication          : Started SpringbootdemoApplication in 1.385 seconds (JVM running for 1.934)
2020-02-01 10:39:24.218  INFO 19217 --- [main] c.m.s.SpringbootdemoApplication          : Starting SpringbootdemoApplication on Yajies-MBP with PID 19217 (/Users/milly/Desktop/springbootdemo/target/classes started by milly in /Users/milly/Desktop/springbootdemo)
2020-02-01 10:39:24.220 DEBUG 19217 --- [main] c.m.s.SpringbootdemoApplication          : Running with Spring Boot v2.2.4.RELEASE, Spring v5.2.3.RELEASE
2020-02-01 10:39:24.220  INFO 19217 --- [main] c.m.s.SpringbootdemoApplication          : No active profile set, falling back to default profiles: default
2020-02-01 10:39:25.386  INFO 19217 --- [main] c.m.s.SpringbootdemoApplication          : Started SpringbootdemoApplication in 1.515 seconds (JVM running for 2.117)
2020-02-01 10:46:47.068  INFO 19388 --- [main] c.m.s.SpringbootdemoApplication          : Starting SpringbootdemoApplication on Yajies-MBP with PID 19388 (/Users/milly/Desktop/springbootdemo/target/classes started by milly in /Users/milly/Desktop/springbootdemo)
2020-02-01 10:46:47.069 DEBUG 19388 --- [main] c.m.s.SpringbootdemoApplication          : Running with Spring Boot v2.2.4.RELEASE, Spring v5.2.3.RELEASE
2020-02-01 10:46:47.070  INFO 19388 --- [main] c.m.s.SpringbootdemoApplication          : No active profile set, falling back to default profiles: default
2020-02-01 10:46:47.898  WARN 19388 --- [main] ConfigServletWebServerApplicationContext : Exception encountered during context initialization - cancelling refresh attempt: org.springframework.beans.factory.BeanCreationException: Error creating bean with name 'hellloController': Injection of autowired dependencies failed; nested exception is java.lang.IllegalArgumentException: Could not resolve placeholder 'book.name' in value "${book.name}"
2020-02-01 10:46:47.917 ERROR 19388 --- [main] o.s.boot.SpringApplication               : Application run failed

org.springframework.beans.factory.BeanCreationException: Error creating bean with name 'hellloController': Injection of autowired dependencies failed; nested exception is java.lang.IllegalArgumentException: Could not resolve placeholder 'book.name' in value "${book.name}"
	at org.springframework.beans.factory.annotation.AutowiredAnnotationBeanPostProcessor.postProcessProperties(AutowiredAnnotationBeanPostProcessor.java:405) ~[spring-beans-5.2.3.RELEASE.jar:5.2.3.RELEASE]
	at org.springframework.beans.factory.support.AbstractAutowireCapableBeanFactory.populateBean(AbstractAutowireCapableBeanFactory.java:1422) ~[spring-beans-5.2.3.RELEASE.jar:5.2.3.RELEASE]
	at org.springframework.beans.factory.support.AbstractAutowireCapableBeanFactory.doCreateBean(AbstractAutowireCapableBeanFactory.java:594) ~[spring-beans-5.2.3.RELEASE.jar:5.2.3.RELEASE]
	at org.springframework.beans.factory.support.AbstractAutowireCapableBeanFactory.createBean(AbstractAutowireCapableBeanFactory.java:517) ~[spring-beans-5.2.3.RELEASE.jar:5.2.3.RELEASE]
	at org.springframework.beans.factory.support.AbstractBeanFactory.lambda$doGetBean$0(AbstractBeanFactory.java:323) ~[spring-beans-5.2.3.RELEASE.jar:5.2.3.RELEASE]
	at org.springframework.beans.factory.support.DefaultSingletonBeanRegistry.getSingleton(DefaultSingletonBeanRegistry.java:222) ~[spring-beans-5.2.3.RELEASE.jar:5.2.3.RELEASE]
	at org.springframework.beans.factory.support.AbstractBeanFactory.doGetBean(AbstractBeanFactory.java:321) ~[spring-beans-5.2.3.RELEASE.jar:5.2.3.RELEASE]
	at org.springframework.beans.factory.support.AbstractBeanFactory.getBean(AbstractBeanFactory.java:202) ~[spring-beans-5.2.3.RELEASE.jar:5.2.3.RELEASE]
	at org.springframework.beans.factory.support.DefaultListableBeanFactory.preInstantiateSingletons(DefaultListableBeanFactory.java:879) ~[spring-beans-5.2.3.RELEASE.jar:5.2.3.RELEASE]
	at org.springframework.context.support.AbstractApplicationContext.finishBeanFactoryInitialization(AbstractApplicationContext.java:878) ~[spring-context-5.2.3.RELEASE.jar:5.2.3.RELEASE]
	at org.springframework.context.support.AbstractApplicationContext.refresh(AbstractApplicationContext.java:550) ~[spring-context-5.2.3.RELEASE.jar:5.2.3.RELEASE]
	at org.springframework.boot.web.servlet.context.ServletWebServerApplicationContext.refresh(ServletWebServerApplicationContext.java:141) ~[spring-boot-2.2.4.RELEASE.jar:2.2.4.RELEASE]
	at org.springframework.boot.SpringApplication.refresh(SpringApplication.java:747) ~[spring-boot-2.2.4.RELEASE.jar:2.2.4.RELEASE]
	at org.springframework.boot.SpringApplication.refreshContext(SpringApplication.java:397) ~[spring-boot-2.2.4.RELEASE.jar:2.2.4.RELEASE]
	at org.springframework.boot.SpringApplication.run(SpringApplication.java:315) ~[spring-boot-2.2.4.RELEASE.jar:2.2.4.RELEASE]
	at org.springframework.boot.SpringApplication.run(SpringApplication.java:1226) ~[spring-boot-2.2.4.RELEASE.jar:2.2.4.RELEASE]
	at org.springframework.boot.SpringApplication.run(SpringApplication.java:1215) ~[spring-boot-2.2.4.RELEASE.jar:2.2.4.RELEASE]
	at com.milly.springbootdemo.SpringbootdemoApplication.main(SpringbootdemoApplication.java:10) ~[classes/:na]
Caused by: java.lang.IllegalArgumentException: Could not resolve placeholder 'book.name' in value "${book.name}"
	at org.springframework.util.PropertyPlaceholderHelper.parseStringValue(PropertyPlaceholderHelper.java:178) ~[spring-core-5.2.3.RELEASE.jar:5.2.3.RELEASE]
	at org.springframework.util.PropertyPlaceholderHelper.replacePlaceholders(PropertyPlaceholderHelper.java:124) ~[spring-core-5.2.3.RELEASE.jar:5.2.3.RELEASE]
	at org.springframework.core.env.AbstractPropertyResolver.doResolvePlaceholders(AbstractPropertyResolver.java:236) ~[spring-core-5.2.3.RELEASE.jar:5.2.3.RELEASE]
	at org.springframework.core.env.AbstractPropertyResolver.resolveRequiredPlaceholders(AbstractPropertyResolver.java:210) ~[spring-core-5.2.3.RELEASE.jar:5.2.3.RELEASE]
	at org.springframework.context.support.PropertySourcesPlaceholderConfigurer.lambda$processProperties$0(PropertySourcesPlaceholderConfigurer.java:175) ~[spring-context-5.2.3.RELEASE.jar:5.2.3.RELEASE]
	at org.springframework.beans.factory.support.AbstractBeanFactory.resolveEmbeddedValue(AbstractBeanFactory.java:908) ~[spring-beans-5.2.3.RELEASE.jar:5.2.3.RELEASE]
	at org.springframework.beans.factory.support.DefaultListableBeanFactory.doResolveDependency(DefaultListableBeanFactory.java:1228) ~[spring-beans-5.2.3.RELEASE.jar:5.2.3.RELEASE]
	at org.springframework.beans.factory.support.DefaultListableBeanFactory.resolveDependency(DefaultListableBeanFactory.java:1207) ~[spring-beans-5.2.3.RELEASE.jar:5.2.3.RELEASE]
	at org.springframework.beans.factory.annotation.AutowiredAnnotationBeanPostProcessor$AutowiredFieldElement.inject(AutowiredAnnotationBeanPostProcessor.java:640) ~[spring-beans-5.2.3.RELEASE.jar:5.2.3.RELEASE]
	at org.springframework.beans.factory.annotation.InjectionMetadata.inject(InjectionMetadata.java:116) ~[spring-beans-5.2.3.RELEASE.jar:5.2.3.RELEASE]
	at org.springframework.beans.factory.annotation.AutowiredAnnotationBeanPostProcessor.postProcessProperties(AutowiredAnnotationBeanPostProcessor.java:399) ~[spring-beans-5.2.3.RELEASE.jar:5.2.3.RELEASE]
	... 17 common frames omitted

2020-02-01 10:47:17.217  INFO 19397 --- [main] c.m.s.SpringbootdemoApplication          : Starting SpringbootdemoApplication on Yajies-MBP with PID 19397 (/Users/milly/Desktop/springbootdemo/target/classes started by milly in /Users/milly/Desktop/springbootdemo)
2020-02-01 10:47:17.219 DEBUG 19397 --- [main] c.m.s.SpringbootdemoApplication          : Running with Spring Boot v2.2.4.RELEASE, Spring v5.2.3.RELEASE
2020-02-01 10:47:17.219  INFO 19397 --- [main] c.m.s.SpringbootdemoApplication          : No active profile set, falling back to default profiles: default
2020-02-01 10:47:18.288  INFO 19397 --- [main] c.m.s.SpringbootdemoApplication          : Started SpringbootdemoApplication in 1.384 seconds (JVM running for 1.906)
2020-02-01 10:48:50.634  INFO 19421 --- [main] c.m.s.SpringbootdemoApplication          : Starting SpringbootdemoApplication on Yajies-MBP with PID 19421 (/Users/milly/Desktop/springbootdemo/target/classes started by milly in /Users/milly/Desktop/springbootdemo)
2020-02-01 10:48:50.636 DEBUG 19421 --- [main] c.m.s.SpringbootdemoApplication          : Running with Spring Boot v2.2.4.RELEASE, Spring v5.2.3.RELEASE
2020-02-01 10:48:50.636  INFO 19421 --- [main] c.m.s.SpringbootdemoApplication          : No active profile set, falling back to default profiles: default
2020-02-01 10:48:51.741  INFO 19421 --- [main] c.m.s.SpringbootdemoApplication          : Started SpringbootdemoApplication in 1.415 seconds (JVM running for 1.984)
